#
# There is insufficient memory for the Java Runtime Environment to continue.
# Native memory allocation (malloc) failed to allocate 883296 bytes for Chunk::new
# Possible reasons:
#   The system is out of physical RAM or swap space
#   The process is running with CompressedOops enabled, and the Java Heap may be blocking the growth of the native heap
# Possible solutions:
#   Reduce memory load on the system
#   Increase physical memory or swap space
#   Check if swap backing store is full
#   Decrease Java heap size (-Xmx/-Xms)
#   Decrease number of Java threads
#   Decrease Java thread stack sizes (-Xss)
#   Set larger code cache with -XX:ReservedCodeCacheSize=
#   JVM is running with Unscaled Compressed Oops mode in which the Java heap is
#     placed in the first 4GB address space. The Java Heap base address is the
#     maximum limit for the native heap growth. Please use -XX:HeapBaseMinAddress
#     to set the Java Heap base and to place the Java Heap above 4GB virtual address.
# This output file may be truncated or incomplete.
#
#  Out of Memory Error (arena.cpp:191), pid=46704, tid=4524
#
# JRE version: OpenJDK Runtime Environment (17.0.10) (build 17.0.10+0--11609105)
# Java VM: OpenJDK 64-Bit Server VM (17.0.10+0--11609105, mixed mode, tiered, compressed oops, compressed class ptrs, g1 gc, windows-amd64)
# No core dump will be written. Minidumps are not enabled by default on client versions of Windows
#

---------------  S U M M A R Y ------------

Command Line: --add-opens=java.base/java.util=ALL-UNNAMED --add-opens=java.base/java.lang=ALL-UNNAMED --add-opens=java.base/java.lang.invoke=ALL-UNNAMED --add-opens=java.prefs/java.util.prefs=ALL-UNNAMED --add-opens=java.base/java.nio.charset=ALL-UNNAMED --add-opens=java.base/java.net=ALL-UNNAMED --add-opens=java.base/java.util.concurrent.atomic=ALL-UNNAMED -Xmx2048m -Dfile.encoding=UTF-8 -Duser.country=IN -Duser.language=en -Duser.variant -javaagent:C:\Users\oyj42\.gradle\wrapper\dists\gradle-8.7-bin\bhs2wmbdwecv87pi65oeuq5iu\gradle-8.7\lib\agents\gradle-instrumentation-agent-8.7.jar org.gradle.launcher.daemon.bootstrap.GradleDaemon 8.7

Host: AMD Ryzen 7 5800HS with Radeon Graphics         , 16 cores, 15G,  Windows 11 , 64 bit Build 22621 (10.0.22621.3672)
Time: Thu Aug  1 13:13:01 2024 Korea Standard Time elapsed time: 10.329220 seconds (0d 0h 0m 10s)

---------------  T H R E A D  ---------------

Current thread (0x000001c8bc0c57d0):  JavaThread "C2 CompilerThread0" daemon [_thread_in_native, id=4524, stack(0x0000007141900000,0x0000007141a00000)]


Current CompileTask:
C2:  10329 6180   !   4       java.net.URLClassLoader$1::run (81 bytes)

Stack: [0x0000007141900000,0x0000007141a00000]
Native frames: (J=compiled Java code, j=interpreted, Vv=VM code, C=native code)
V  [jvm.dll+0x688de9]
V  [jvm.dll+0x8423da]
V  [jvm.dll+0x84401e]
V  [jvm.dll+0x844683]
V  [jvm.dll+0x24be0f]
V  [jvm.dll+0xac524]
V  [jvm.dll+0xacb6c]
V  [jvm.dll+0x2b342f]
V  [jvm.dll+0x5902b7]
V  [jvm.dll+0x226452]
V  [jvm.dll+0x22683f]
V  [jvm.dll+0x21f966]
V  [jvm.dll+0x21cdb1]
V  [jvm.dll+0x1a60ad]
V  [jvm.dll+0x22cd78]
V  [jvm.dll+0x22aeb0]
V  [jvm.dll+0x7f6877]
V  [jvm.dll+0x7f0c7a]
V  [jvm.dll+0x687c65]
C  [ucrtbase.dll+0x29333]
C  [KERNEL32.DLL+0x1257d]
C  [ntdll.dll+0x5af28]


---------------  P R O C E S S  ---------------

Threads class SMR info:
_java_thread_list=0x000001c8be182b90, length=37, elements={
0x000001c89d3816f0, 0x000001c8bc0727b0, 0x000001c8bc073630, 0x000001c8bc0bf2b0,
0x000001c8bc0c1190, 0x000001c8bc0c4070, 0x000001c8bc0c4a30, 0x000001c8bc0c57d0,
0x000001c8bc0c9780, 0x000001c8bc0d41a0, 0x000001c8bc220ff0, 0x000001c8bc27b890,
0x000001c8bc29b360, 0x000001c8bc33c220, 0x000001c8bc298390, 0x000001c8bdb383c0,
0x000001c8bd339c30, 0x000001c8bf2eed90, 0x000001c8beacd340, 0x000001c8beaca5b0,
0x000001c8beacc410, 0x000001c8beacb9f0, 0x000001c8beacc920, 0x000001c8beacaac0,
0x000001c8beacafd0, 0x000001c8beacd850, 0x000001c8beacce30, 0x000001c8beacbf00,
0x000001c8beacb4e0, 0x000001c8bf3ea3b0, 0x000001c8bf3ebd00, 0x000001c8bf3ea8c0,
0x000001c8bf3ec720, 0x000001c8bf3ecc30, 0x000001c8bf3edb60, 0x000001c8bf3eb2e0,
0x000001c8bf3eb7f0
}

Java Threads: ( => current thread )
  0x000001c89d3816f0 JavaThread "main" [_thread_blocked, id=50028, stack(0x0000007140c00000,0x0000007140d00000)]
  0x000001c8bc0727b0 JavaThread "Reference Handler" daemon [_thread_blocked, id=22952, stack(0x0000007141300000,0x0000007141400000)]
  0x000001c8bc073630 JavaThread "Finalizer" daemon [_thread_blocked, id=49300, stack(0x0000007141400000,0x0000007141500000)]
  0x000001c8bc0bf2b0 JavaThread "Signal Dispatcher" daemon [_thread_blocked, id=54464, stack(0x0000007141500000,0x0000007141600000)]
  0x000001c8bc0c1190 JavaThread "Attach Listener" daemon [_thread_blocked, id=22032, stack(0x0000007141600000,0x0000007141700000)]
  0x000001c8bc0c4070 JavaThread "Service Thread" daemon [_thread_blocked, id=24120, stack(0x0000007141700000,0x0000007141800000)]
  0x000001c8bc0c4a30 JavaThread "Monitor Deflation Thread" daemon [_thread_blocked, id=31964, stack(0x0000007141800000,0x0000007141900000)]
=>0x000001c8bc0c57d0 JavaThread "C2 CompilerThread0" daemon [_thread_in_native, id=4524, stack(0x0000007141900000,0x0000007141a00000)]
  0x000001c8bc0c9780 JavaThread "C1 CompilerThread0" daemon [_thread_blocked, id=18692, stack(0x0000007141a00000,0x0000007141b00000)]
  0x000001c8bc0d41a0 JavaThread "Sweeper thread" daemon [_thread_blocked, id=39836, stack(0x0000007141b00000,0x0000007141c00000)]
  0x000001c8bc220ff0 JavaThread "Common-Cleaner" daemon [_thread_blocked, id=44144, stack(0x0000007141c00000,0x0000007141d00000)]
  0x000001c8bc27b890 JavaThread "C1 CompilerThread1" daemon [_thread_blocked, id=36176, stack(0x0000007141d00000,0x0000007141e00000)]
  0x000001c8bc29b360 JavaThread "C1 CompilerThread2" daemon [_thread_blocked, id=14072, stack(0x0000007141e00000,0x0000007141f00000)]
  0x000001c8bc33c220 JavaThread "Notification Thread" daemon [_thread_blocked, id=23332, stack(0x0000007141f00000,0x0000007142000000)]
  0x000001c8bc298390 JavaThread "C1 CompilerThread3" daemon [_thread_blocked, id=19580, stack(0x0000007142200000,0x0000007142300000)]
  0x000001c8bdb383c0 JavaThread "Daemon health stats" [_thread_blocked, id=6136, stack(0x0000007142700000,0x0000007142800000)]
  0x000001c8bd339c30 JavaThread "Incoming local TCP Connector on port 57074" [_thread_in_native, id=8552, stack(0x0000007142800000,0x0000007142900000)]
  0x000001c8bf2eed90 JavaThread "Daemon periodic checks" [_thread_blocked, id=43672, stack(0x0000007142900000,0x0000007142a00000)]
  0x000001c8beacd340 JavaThread "Daemon" [_thread_blocked, id=32176, stack(0x0000007142a00000,0x0000007142b00000)]
  0x000001c8beaca5b0 JavaThread "Handler for socket connection from /127.0.0.1:57074 to /127.0.0.1:57075" [_thread_in_native, id=14324, stack(0x0000007142b00000,0x0000007142c00000)]
  0x000001c8beacc410 JavaThread "Cancel handler" [_thread_blocked, id=740, stack(0x0000007142c00000,0x0000007142d00000)]
  0x000001c8beacb9f0 JavaThread "Daemon worker" [_thread_in_vm, id=51544, stack(0x0000007142d00000,0x0000007142e00000)]
  0x000001c8beacc920 JavaThread "Asynchronous log dispatcher for DefaultDaemonConnection: socket connection from /127.0.0.1:57074 to /127.0.0.1:57075" [_thread_blocked, id=57456, stack(0x0000007142e00000,0x0000007142f00000)]
  0x000001c8beacaac0 JavaThread "Stdin handler" [_thread_blocked, id=15804, stack(0x0000007142f00000,0x0000007143000000)]
  0x000001c8beacafd0 JavaThread "Daemon client event forwarder" [_thread_blocked, id=46800, stack(0x0000007143000000,0x0000007143100000)]
  0x000001c8beacd850 JavaThread "Cache worker for journal cache (C:\Users\oyj42\.gradle\caches\journal-1)" [_thread_blocked, id=15744, stack(0x0000007143b00000,0x0000007143c00000)]
  0x000001c8beacce30 JavaThread "File lock request listener" [_thread_in_native, id=53740, stack(0x0000007143c00000,0x0000007143d00000)]
  0x000001c8beacbf00 JavaThread "Cache worker for file hash cache (C:\Users\oyj42\.gradle\caches\8.7\fileHashes)" [_thread_blocked, id=17536, stack(0x0000007143d00000,0x0000007143e00000)]
  0x000001c8beacb4e0 JavaThread "Cache worker for file hash cache (C:\Users\oyj42\AndroidStudioProjects\SWU_GURU2_Team19\.gradle\8.7\fileHashes)" [_thread_blocked, id=36128, stack(0x0000007143e00000,0x0000007143f00000)]
  0x000001c8bf3ea3b0 JavaThread "File watcher server" daemon [_thread_in_native, id=39772, stack(0x0000007142100000,0x0000007142200000)]
  0x000001c8bf3ebd00 JavaThread "File watcher consumer" daemon [_thread_blocked, id=25368, stack(0x0000007143f00000,0x0000007144000000)]
  0x000001c8bf3ea8c0 JavaThread "Cache worker for checksums cache (C:\Users\oyj42\AndroidStudioProjects\SWU_GURU2_Team19\.gradle\8.7\checksums)" [_thread_blocked, id=18708, stack(0x0000007144000000,0x0000007144100000)]
  0x000001c8bf3ec720 JavaThread "Cache worker for cache directory md-supplier (C:\Users\oyj42\.gradle\caches\8.7\md-supplier)" [_thread_blocked, id=16340, stack(0x0000007144100000,0x0000007144200000)]
  0x000001c8bf3ecc30 JavaThread "Cache worker for cache directory md-rule (C:\Users\oyj42\.gradle\caches\8.7\md-rule)" [_thread_blocked, id=10432, stack(0x0000007144200000,0x0000007144300000)]
  0x000001c8bf3edb60 JavaThread "Cache worker for file content cache (C:\Users\oyj42\.gradle\caches\8.7\fileContent)" [_thread_blocked, id=3472, stack(0x0000007144300000,0x0000007144400000)]
  0x000001c8bf3eb2e0 JavaThread "Cache worker for Build Output Cleanup Cache (C:\Users\oyj42\AndroidStudioProjects\SWU_GURU2_Team19\.gradle\buildOutputCleanup)" [_thread_blocked, id=43940, stack(0x0000007144400000,0x0000007144500000)]
  0x000001c8bf3eb7f0 JavaThread "Kotlin DSL Writer" [_thread_blocked, id=42192, stack(0x0000007144500000,0x0000007144600000)]

Other Threads:
  0x000001c8bc019200 VMThread "VM Thread" [stack: 0x0000007141200000,0x0000007141300000] [id=8860]
  0x000001c89d382570 WatcherThread [stack: 0x0000007142000000,0x0000007142100000] [id=41384]
  0x000001c89b23ecf0 GCTaskThread "GC Thread#0" [stack: 0x0000007140d00000,0x0000007140e00000] [id=29024]
  0x000001c8bd1d9d10 GCTaskThread "GC Thread#1" [stack: 0x0000007142300000,0x0000007142400000] [id=22472]
  0x000001c8bd0733f0 GCTaskThread "GC Thread#2" [stack: 0x0000007142400000,0x0000007142500000] [id=11784]
  0x000001c8bd0736b0 GCTaskThread "GC Thread#3" [stack: 0x0000007142500000,0x0000007142600000] [id=48028]
  0x000001c8bd073970 GCTaskThread "GC Thread#4" [stack: 0x0000007142600000,0x0000007142700000] [id=16612]
  0x000001c8bdb16450 GCTaskThread "GC Thread#5" [stack: 0x0000007143100000,0x0000007143200000] [id=23108]
  0x000001c8be81aab0 GCTaskThread "GC Thread#6" [stack: 0x0000007143200000,0x0000007143300000] [id=4532]
  0x000001c8be3c2830 GCTaskThread "GC Thread#7" [stack: 0x0000007143300000,0x0000007143400000] [id=33648]
  0x000001c8be051010 GCTaskThread "GC Thread#8" [stack: 0x0000007143400000,0x0000007143500000] [id=32168]
  0x000001c8be5643e0 GCTaskThread "GC Thread#9" [stack: 0x0000007143500000,0x0000007143600000] [id=1960]
  0x000001c8bea8d410 GCTaskThread "GC Thread#10" [stack: 0x0000007143600000,0x0000007143700000] [id=41516]
  0x000001c8beeb6620 GCTaskThread "GC Thread#11" [stack: 0x0000007143700000,0x0000007143800000] [id=26056]
  0x000001c8be0b9ef0 GCTaskThread "GC Thread#12" [stack: 0x0000007143800000,0x0000007143900000] [id=51268]
  0x000001c89d3ea540 ConcurrentGCThread "G1 Main Marker" [stack: 0x0000007140e00000,0x0000007140f00000] [id=55684]
  0x000001c89d3eb700 ConcurrentGCThread "G1 Conc#0" [stack: 0x0000007140f00000,0x0000007141000000] [id=29860]
  0x000001c8be6611b0 ConcurrentGCThread "G1 Conc#1" [stack: 0x0000007143900000,0x0000007143a00000] [id=54756]
  0x000001c8be660ef0 ConcurrentGCThread "G1 Conc#2" [stack: 0x0000007143a00000,0x0000007143b00000] [id=19112]
  0x000001c89d42db60 ConcurrentGCThread "G1 Refine#0" [stack: 0x0000007141000000,0x0000007141100000] [id=49516]
  0x000001c89d42e590 ConcurrentGCThread "G1 Service" [stack: 0x0000007141100000,0x0000007141200000] [id=52832]

Threads with active compile tasks:
C2 CompilerThread0    10368 6180   !   4       java.net.URLClassLoader$1::run (81 bytes)

VM state: not at safepoint (normal execution)

VM Mutex/Monitor currently owned by a thread: None

Heap address: 0x0000000080000000, size: 2048 MB, Compressed Oops mode: 32-bit

CDS archive(s) not mapped
Compressed class space mapped at: 0x0000000100000000-0x0000000140000000, reserved size: 1073741824
Narrow klass base: 0x0000000000000000, Narrow klass shift: 3, Narrow klass range: 0x140000000

GC Precious Log:
 CPUs: 16 total, 16 available
 Memory: 15776M
 Large Page Support: Disabled
 NUMA Support: Disabled
 Compressed Oops: Enabled (32-bit)
 Heap Region Size: 1M
 Heap Min Capacity: 8M
 Heap Initial Capacity: 248M
 Heap Max Capacity: 2G
 Pre-touch: Disabled
 Parallel Workers: 13
 Concurrent Workers: 3
 Concurrent Refinement Workers: 13
 Periodic GC: Disabled

Heap:
 garbage-first heap   total 92160K, used 61108K [0x0000000080000000, 0x0000000100000000)
  region size 1024K, 25 young (25600K), 3 survivors (3072K)
 Metaspace       used 73070K, committed 73600K, reserved 1114112K
  class space    used 10191K, committed 10432K, reserved 1048576K

Heap Regions: E=young(eden), S=young(survivor), O=old, HS=humongous(starts), HC=humongous(continues), CS=collection set, F=free, OA=open archive, CA=closed archive, TAMS=top-at-mark-start (previous, next)
|   0|0x0000000080000000, 0x0000000080100000, 0x0000000080100000|100%|HS|  |TAMS 0x0000000080100000, 0x0000000080000000| Complete 
|   1|0x0000000080100000, 0x0000000080200000, 0x0000000080200000|100%|HC|  |TAMS 0x0000000080200000, 0x0000000080100000| Complete 
|   2|0x0000000080200000, 0x0000000080300000, 0x0000000080300000|100%|HC|  |TAMS 0x0000000080300000, 0x0000000080200000| Complete 
|   3|0x0000000080300000, 0x0000000080400000, 0x0000000080400000|100%|HC|  |TAMS 0x0000000080400000, 0x0000000080300000| Complete 
|   4|0x0000000080400000, 0x0000000080500000, 0x0000000080500000|100%| O|  |TAMS 0x0000000080500000, 0x0000000080400000| Untracked 
|   5|0x0000000080500000, 0x0000000080600000, 0x0000000080600000|100%| O|  |TAMS 0x0000000080600000, 0x0000000080500000| Untracked 
|   6|0x0000000080600000, 0x0000000080700000, 0x0000000080700000|100%| O|  |TAMS 0x0000000080700000, 0x0000000080600000| Untracked 
|   7|0x0000000080700000, 0x0000000080800000, 0x0000000080800000|100%| O|  |TAMS 0x0000000080800000, 0x0000000080700000| Untracked 
|   8|0x0000000080800000, 0x0000000080900000, 0x0000000080900000|100%| O|  |TAMS 0x0000000080900000, 0x0000000080800000| Untracked 
|   9|0x0000000080900000, 0x0000000080a00000, 0x0000000080a00000|100%| O|  |TAMS 0x0000000080a00000, 0x0000000080900000| Untracked 
|  10|0x0000000080a00000, 0x0000000080b00000, 0x0000000080b00000|100%| O|  |TAMS 0x0000000080b00000, 0x0000000080a00000| Untracked 
|  11|0x0000000080b00000, 0x0000000080c00000, 0x0000000080c00000|100%| O|  |TAMS 0x0000000080c00000, 0x0000000080b00000| Untracked 
|  12|0x0000000080c00000, 0x0000000080d00000, 0x0000000080d00000|100%| O|  |TAMS 0x0000000080d00000, 0x0000000080c00000| Untracked 
|  13|0x0000000080d00000, 0x0000000080e00000, 0x0000000080e00000|100%| O|  |TAMS 0x0000000080e00000, 0x0000000080d00000| Untracked 
|  14|0x0000000080e00000, 0x0000000080f00000, 0x0000000080f00000|100%| O|  |TAMS 0x0000000080f00000, 0x0000000080e00000| Untracked 
|  15|0x0000000080f00000, 0x0000000081000000, 0x0000000081000000|100%| O|  |TAMS 0x0000000081000000, 0x0000000080f00000| Untracked 
|  16|0x0000000081000000, 0x0000000081100000, 0x0000000081100000|100%| O|  |TAMS 0x0000000081100000, 0x0000000081000000| Untracked 
|  17|0x0000000081100000, 0x0000000081200000, 0x0000000081200000|100%| O|  |TAMS 0x0000000081200000, 0x0000000081100000| Untracked 
|  18|0x0000000081200000, 0x0000000081300000, 0x0000000081300000|100%| O|  |TAMS 0x0000000081300000, 0x0000000081200000| Untracked 
|  19|0x0000000081300000, 0x0000000081400000, 0x0000000081400000|100%| O|  |TAMS 0x0000000081400000, 0x0000000081300000| Untracked 
|  20|0x0000000081400000, 0x0000000081500000, 0x0000000081500000|100%| O|  |TAMS 0x0000000081500000, 0x0000000081400000| Untracked 
|  21|0x0000000081500000, 0x0000000081600000, 0x0000000081600000|100%| O|  |TAMS 0x0000000081600000, 0x0000000081500000| Untracked 
|  22|0x0000000081600000, 0x0000000081700000, 0x0000000081700000|100%| O|  |TAMS 0x0000000081700000, 0x0000000081600000| Untracked 
|  23|0x0000000081700000, 0x0000000081800000, 0x0000000081800000|100%| O|  |TAMS 0x0000000081800000, 0x0000000081700000| Untracked 
|  24|0x0000000081800000, 0x0000000081900000, 0x0000000081900000|100%| O|  |TAMS 0x0000000081900000, 0x0000000081800000| Untracked 
|  25|0x0000000081900000, 0x0000000081a00000, 0x0000000081a00000|100%| O|  |TAMS 0x0000000081a00000, 0x0000000081900000| Untracked 
|  26|0x0000000081a00000, 0x0000000081b00000, 0x0000000081b00000|100%| O|  |TAMS 0x0000000081b00000, 0x0000000081a00000| Untracked 
|  27|0x0000000081b00000, 0x0000000081c00000, 0x0000000081c00000|100%| O|  |TAMS 0x0000000081c00000, 0x0000000081b00000| Untracked 
|  28|0x0000000081c00000, 0x0000000081d00000, 0x0000000081d00000|100%| O|  |TAMS 0x0000000081d00000, 0x0000000081c00000| Untracked 
|  29|0x0000000081d00000, 0x0000000081e00000, 0x0000000081e00000|100%| O|  |TAMS 0x0000000081e00000, 0x0000000081d00000| Untracked 
|  30|0x0000000081e00000, 0x0000000081f00000, 0x0000000081f00000|100%| O|  |TAMS 0x0000000081f00000, 0x0000000081e00000| Untracked 
|  31|0x0000000081f00000, 0x0000000082000000, 0x0000000082000000|100%| O|  |TAMS 0x0000000082000000, 0x0000000081f00000| Untracked 
|  32|0x0000000082000000, 0x0000000082100000, 0x0000000082100000|100%| O|  |TAMS 0x000000008209ae00, 0x0000000082000000| Untracked 
|  33|0x0000000082100000, 0x0000000082200000, 0x0000000082200000|100%| O|  |TAMS 0x0000000082100000, 0x0000000082100000| Untracked 
|  34|0x0000000082200000, 0x0000000082300000, 0x0000000082300000|100%| O|  |TAMS 0x0000000082200000, 0x0000000082200000| Untracked 
|  35|0x0000000082300000, 0x0000000082400000, 0x0000000082400000|100%| O|  |TAMS 0x0000000082300000, 0x0000000082300000| Untracked 
|  36|0x0000000082400000, 0x0000000082482800, 0x0000000082500000| 50%| O|  |TAMS 0x0000000082400000, 0x0000000082400000| Untracked 
|  37|0x0000000082500000, 0x0000000082500000, 0x0000000082600000|  0%| F|  |TAMS 0x0000000082500000, 0x0000000082500000| Untracked 
|  38|0x0000000082600000, 0x0000000082600000, 0x0000000082700000|  0%| F|  |TAMS 0x0000000082600000, 0x0000000082600000| Untracked 
|  39|0x0000000082700000, 0x0000000082700000, 0x0000000082800000|  0%| F|  |TAMS 0x0000000082700000, 0x0000000082700000| Untracked 
|  40|0x0000000082800000, 0x0000000082800000, 0x0000000082900000|  0%| F|  |TAMS 0x0000000082800000, 0x0000000082800000| Untracked 
|  41|0x0000000082900000, 0x0000000082900000, 0x0000000082a00000|  0%| F|  |TAMS 0x0000000082900000, 0x0000000082900000| Untracked 
|  42|0x0000000082a00000, 0x0000000082a00000, 0x0000000082b00000|  0%| F|  |TAMS 0x0000000082a00000, 0x0000000082a00000| Untracked 
|  43|0x0000000082b00000, 0x0000000082b00000, 0x0000000082c00000|  0%| F|  |TAMS 0x0000000082b00000, 0x0000000082b00000| Untracked 
|  44|0x0000000082c00000, 0x0000000082c00000, 0x0000000082d00000|  0%| F|  |TAMS 0x0000000082c00000, 0x0000000082c00000| Untracked 
|  45|0x0000000082d00000, 0x0000000082d00000, 0x0000000082e00000|  0%| F|  |TAMS 0x0000000082d00000, 0x0000000082d00000| Untracked 
|  46|0x0000000082e00000, 0x0000000082e00000, 0x0000000082f00000|  0%| F|  |TAMS 0x0000000082e00000, 0x0000000082e00000| Untracked 
|  47|0x0000000082f00000, 0x0000000082f00000, 0x0000000083000000|  0%| F|  |TAMS 0x0000000082f00000, 0x0000000082f00000| Untracked 
|  48|0x0000000083000000, 0x0000000083000000, 0x0000000083100000|  0%| F|  |TAMS 0x0000000083000000, 0x0000000083000000| Untracked 
|  49|0x0000000083100000, 0x0000000083100000, 0x0000000083200000|  0%| F|  |TAMS 0x0000000083100000, 0x0000000083100000| Untracked 
|  50|0x0000000083200000, 0x000000008322a9a0, 0x0000000083300000| 16%| S|CS|TAMS 0x0000000083200000, 0x0000000083200000| Complete 
|  51|0x0000000083300000, 0x0000000083400000, 0x0000000083400000|100%| S|CS|TAMS 0x0000000083300000, 0x0000000083300000| Complete 
|  52|0x0000000083400000, 0x0000000083400000, 0x0000000083500000|  0%| F|  |TAMS 0x0000000083400000, 0x0000000083400000| Untracked 
|  53|0x0000000083500000, 0x0000000083500000, 0x0000000083600000|  0%| F|  |TAMS 0x0000000083500000, 0x0000000083500000| Untracked 
|  54|0x0000000083600000, 0x0000000083700000, 0x0000000083700000|100%| S|CS|TAMS 0x0000000083600000, 0x0000000083600000| Complete 
|  55|0x0000000083700000, 0x0000000083700000, 0x0000000083800000|  0%| F|  |TAMS 0x0000000083700000, 0x0000000083700000| Untracked 
|  56|0x0000000083800000, 0x0000000083800000, 0x0000000083900000|  0%| F|  |TAMS 0x0000000083800000, 0x0000000083800000| Untracked 
|  57|0x0000000083900000, 0x0000000083900000, 0x0000000083a00000|  0%| F|  |TAMS 0x0000000083900000, 0x0000000083900000| Untracked 
|  58|0x0000000083a00000, 0x0000000083a00000, 0x0000000083b00000|  0%| F|  |TAMS 0x0000000083a00000, 0x0000000083a00000| Untracked 
|  59|0x0000000083b00000, 0x0000000083b00000, 0x0000000083c00000|  0%| F|  |TAMS 0x0000000083b00000, 0x0000000083b00000| Untracked 
|  60|0x0000000083c00000, 0x0000000083c00000, 0x0000000083d00000|  0%| F|  |TAMS 0x0000000083c00000, 0x0000000083c00000| Untracked 
|  61|0x0000000083d00000, 0x0000000083d00000, 0x0000000083e00000|  0%| F|  |TAMS 0x0000000083d00000, 0x0000000083d00000| Untracked 
|  62|0x0000000083e00000, 0x0000000083e00000, 0x0000000083f00000|  0%| F|  |TAMS 0x0000000083e00000, 0x0000000083e00000| Untracked 
|  63|0x0000000083f00000, 0x0000000083f00000, 0x0000000084000000|  0%| F|  |TAMS 0x0000000083f00000, 0x0000000083f00000| Untracked 
|  64|0x0000000084000000, 0x0000000084000000, 0x0000000084100000|  0%| F|  |TAMS 0x0000000084000000, 0x0000000084000000| Untracked 
|  65|0x0000000084100000, 0x0000000084100000, 0x0000000084200000|  0%| F|  |TAMS 0x0000000084100000, 0x0000000084100000| Untracked 
|  66|0x0000000084200000, 0x0000000084200000, 0x0000000084300000|  0%| F|  |TAMS 0x0000000084200000, 0x0000000084200000| Untracked 
|  67|0x0000000084300000, 0x0000000084300000, 0x0000000084400000|  0%| F|  |TAMS 0x0000000084300000, 0x0000000084300000| Untracked 
|  68|0x0000000084400000, 0x0000000084404230, 0x0000000084500000|  1%| E|  |TAMS 0x0000000084400000, 0x0000000084400000| Complete 
|  69|0x0000000084500000, 0x0000000084600000, 0x0000000084600000|100%| E|CS|TAMS 0x0000000084500000, 0x0000000084500000| Complete 
|  70|0x0000000084600000, 0x0000000084700000, 0x0000000084700000|100%| E|CS|TAMS 0x0000000084600000, 0x0000000084600000| Complete 
|  71|0x0000000084700000, 0x0000000084800000, 0x0000000084800000|100%| E|CS|TAMS 0x0000000084700000, 0x0000000084700000| Complete 
|  72|0x0000000084800000, 0x0000000084900000, 0x0000000084900000|100%| E|CS|TAMS 0x0000000084800000, 0x0000000084800000| Complete 
|  73|0x0000000084900000, 0x0000000084a00000, 0x0000000084a00000|100%| E|CS|TAMS 0x0000000084900000, 0x0000000084900000| Complete 
|  74|0x0000000084a00000, 0x0000000084b00000, 0x0000000084b00000|100%| E|CS|TAMS 0x0000000084a00000, 0x0000000084a00000| Complete 
|  75|0x0000000084b00000, 0x0000000084c00000, 0x0000000084c00000|100%| E|CS|TAMS 0x0000000084b00000, 0x0000000084b00000| Complete 
|  76|0x0000000084c00000, 0x0000000084d00000, 0x0000000084d00000|100%| E|CS|TAMS 0x0000000084c00000, 0x0000000084c00000| Complete 
|  77|0x0000000084d00000, 0x0000000084e00000, 0x0000000084e00000|100%| E|CS|TAMS 0x0000000084d00000, 0x0000000084d00000| Complete 
|  78|0x0000000084e00000, 0x0000000084f00000, 0x0000000084f00000|100%| E|CS|TAMS 0x0000000084e00000, 0x0000000084e00000| Complete 
|  79|0x0000000084f00000, 0x0000000085000000, 0x0000000085000000|100%| E|CS|TAMS 0x0000000084f00000, 0x0000000084f00000| Complete 
| 185|0x000000008b900000, 0x000000008ba00000, 0x000000008ba00000|100%| E|CS|TAMS 0x000000008b900000, 0x000000008b900000| Complete 
| 186|0x000000008ba00000, 0x000000008bb00000, 0x000000008bb00000|100%| E|CS|TAMS 0x000000008ba00000, 0x000000008ba00000| Complete 
| 187|0x000000008bb00000, 0x000000008bc00000, 0x000000008bc00000|100%| E|CS|TAMS 0x000000008bb00000, 0x000000008bb00000| Complete 
| 188|0x000000008bc00000, 0x000000008bd00000, 0x000000008bd00000|100%| E|CS|TAMS 0x000000008bc00000, 0x000000008bc00000| Complete 
| 189|0x000000008bd00000, 0x000000008be00000, 0x000000008be00000|100%| E|CS|TAMS 0x000000008bd00000, 0x000000008bd00000| Complete 
| 190|0x000000008be00000, 0x000000008bf00000, 0x000000008bf00000|100%| E|CS|TAMS 0x000000008be00000, 0x000000008be00000| Complete 
| 191|0x000000008bf00000, 0x000000008c000000, 0x000000008c000000|100%| E|CS|TAMS 0x000000008bf00000, 0x000000008bf00000| Complete 
| 192|0x000000008c000000, 0x000000008c100000, 0x000000008c100000|100%| E|CS|TAMS 0x000000008c000000, 0x000000008c000000| Complete 
| 193|0x000000008c100000, 0x000000008c200000, 0x000000008c200000|100%| E|CS|TAMS 0x000000008c100000, 0x000000008c100000| Complete 
| 247|0x000000008f700000, 0x000000008f800000, 0x000000008f800000|100%| E|CS|TAMS 0x000000008f700000, 0x000000008f700000| Complete 

Card table byte_map: [0x000001c8b04f0000,0x000001c8b08f0000] _byte_map_base: 0x000001c8b00f0000

Marking Bits (Prev, Next): (CMBitMap*) 0x000001c89d3d9c50, (CMBitMap*) 0x000001c89d3d9c10
 Prev Bits: [0x000001c8b2cf0000, 0x000001c8b4cf0000)
 Next Bits: [0x000001c8b0cf0000, 0x000001c8b2cf0000)

Polling page: 0x000001c89b2e0000

Metaspace:

Usage:
  Non-class:     61.44 MB used.
      Class:      9.96 MB used.
       Both:     71.40 MB used.

Virtual space:
  Non-class space:       64.00 MB reserved,      61.75 MB ( 96%) committed,  1 nodes.
      Class space:        1.00 GB reserved,      10.19 MB ( <1%) committed,  1 nodes.
             Both:        1.06 GB reserved,      71.94 MB (  7%) committed. 

Chunk freelists:
   Non-Class:  1.61 MB
       Class:  5.84 MB
        Both:  7.45 MB

MaxMetaspaceSize: unlimited
CompressedClassSpaceSize: 1.00 GB
Initial GC threshold: 21.00 MB
Current GC threshold: 98.25 MB
CDS: off
MetaspaceReclaimPolicy: balanced
 - commit_granule_bytes: 65536.
 - commit_granule_words: 8192.
 - virtual_space_node_default_size: 8388608.
 - enlarge_chunks_in_place: 1.
 - new_chunks_are_fully_committed: 0.
 - uncommit_free_chunks: 1.
 - use_allocation_guard: 0.
 - handle_deallocations: 1.


Internal statistics:

num_allocs_failed_limit: 9.
num_arena_births: 620.
num_arena_deaths: 0.
num_vsnodes_births: 2.
num_vsnodes_deaths: 0.
num_space_committed: 1151.
num_space_uncommitted: 0.
num_chunks_returned_to_freelist: 9.
num_chunks_taken_from_freelist: 3011.
num_chunk_merges: 6.
num_chunk_splits: 2139.
num_chunks_enlarged: 1618.
num_inconsistent_stats: 0.

CodeHeap 'non-profiled nmethods': size=119168Kb used=2722Kb max_used=2722Kb free=116445Kb
 bounds [0x000001c8a83f0000, 0x000001c8a86a0000, 0x000001c8af850000]
CodeHeap 'profiled nmethods': size=119104Kb used=13613Kb max_used=13613Kb free=105490Kb
 bounds [0x000001c8a0850000, 0x000001c8a15a0000, 0x000001c8a7ca0000]
CodeHeap 'non-nmethods': size=7488Kb used=3342Kb max_used=3384Kb free=4145Kb
 bounds [0x000001c8a7ca0000, 0x000001c8a8000000, 0x000001c8a83f0000]
 total_blobs=7106 nmethods=6370 adapters=645
 compilation: enabled
              stopped_count=0, restarted_count=0
 full_count=0

Compilation events (20 events):
Event: 10.195 Thread 0x000001c8bc0c57d0 nmethod 6200 0x000001c8a8687410 code [0x000001c8a8687a40, 0x000001c8a868f690]
Event: 10.196 Thread 0x000001c8bc0c57d0 6485       4       java.lang.String::replace (42 bytes)
Event: 10.207 Thread 0x000001c8bc0c57d0 nmethod 6485 0x000001c8a8695e10 code [0x000001c8a8695fa0, 0x000001c8a86965f8]
Event: 10.207 Thread 0x000001c8bc0c57d0 6503       4       java.util.jar.JarFile::getEntry (35 bytes)
Event: 10.209 Thread 0x000001c8bc298390 6516       3       java.lang.AbstractStringBuilder::append (45 bytes)
Event: 10.209 Thread 0x000001c8bc298390 nmethod 6516 0x000001c8a1590e10 code [0x000001c8a1590fe0, 0x000001c8a1591328]
Event: 10.221 Thread 0x000001c8bc0c57d0 nmethod 6503 0x000001c8a8696910 code [0x000001c8a8696b00, 0x000001c8a86977f0]
Event: 10.222 Thread 0x000001c8bc0c57d0 6180   !   4       java.net.URLClassLoader$1::run (81 bytes)
Event: 10.235 Thread 0x000001c8bc0c9780 6517       3       java.lang.String::regionMatches (150 bytes)
Event: 10.236 Thread 0x000001c8bc0c9780 nmethod 6517 0x000001c8a1591490 code [0x000001c8a15916e0, 0x000001c8a1591ee8]
Event: 10.252 Thread 0x000001c8bc298390 6520       3       jdk.internal.reflect.ConstantPool::getIntAt (10 bytes)
Event: 10.252 Thread 0x000001c8bc298390 nmethod 6520 0x000001c8a1592190 code [0x000001c8a1592320, 0x000001c8a1592468]
Event: 10.262 Thread 0x000001c8bc298390 6522       3       java.lang.Class::getEnclosingMethodInfo (20 bytes)
Event: 10.262 Thread 0x000001c8bc298390 nmethod 6522 0x000001c8a1592510 code [0x000001c8a15926c0, 0x000001c8a15928f8]
Event: 10.265 Thread 0x000001c8bc298390 6523       2       java.lang.StringBuilder::append (8 bytes)
Event: 10.265 Thread 0x000001c8bc298390 nmethod 6523 0x000001c8a1592a10 code [0x000001c8a1592ba0, 0x000001c8a1592cc8]
Event: 10.291 Thread 0x000001c8bc0c9780 6524       3       java.lang.ClassLoader::getClassLoadingLock (35 bytes)
Event: 10.292 Thread 0x000001c8bc0c9780 nmethod 6524 0x000001c8a1592d90 code [0x000001c8a1592f40, 0x000001c8a1593228]
Event: 10.292 Thread 0x000001c8bc0c9780 6525   !   3       java.util.concurrent.ConcurrentHashMap::putVal (432 bytes)
Event: 10.294 Thread 0x000001c8bc0c9780 nmethod 6525 0x000001c8a1593390 code [0x000001c8a1593700, 0x000001c8a1595248]

GC Heap History (20 events):
Event: 4.151 GC heap before
{Heap before GC invocations=7 (full 0):
 garbage-first heap   total 71680K, used 51278K [0x0000000080000000, 0x0000000100000000)
  region size 1024K, 31 young (31744K), 2 survivors (2048K)
 Metaspace       used 33928K, committed 34240K, reserved 1114112K
  class space    used 4593K, committed 4736K, reserved 1048576K
}
Event: 4.154 GC heap after
{Heap after GC invocations=8 (full 0):
 garbage-first heap   total 71680K, used 23997K [0x0000000080000000, 0x0000000100000000)
  region size 1024K, 4 young (4096K), 4 survivors (4096K)
 Metaspace       used 33928K, committed 34240K, reserved 1114112K
  class space    used 4593K, committed 4736K, reserved 1048576K
}
Event: 4.350 GC heap before
{Heap before GC invocations=8 (full 0):
 garbage-first heap   total 71680K, used 35261K [0x0000000080000000, 0x0000000100000000)
  region size 1024K, 16 young (16384K), 4 survivors (4096K)
 Metaspace       used 35692K, committed 35968K, reserved 1114112K
  class space    used 4842K, committed 4992K, reserved 1048576K
}
Event: 4.354 GC heap after
{Heap after GC invocations=9 (full 0):
 garbage-first heap   total 71680K, used 24461K [0x0000000080000000, 0x0000000100000000)
  region size 1024K, 2 young (2048K), 2 survivors (2048K)
 Metaspace       used 35692K, committed 35968K, reserved 1114112K
  class space    used 4842K, committed 4992K, reserved 1048576K
}
Event: 4.873 GC heap before
{Heap before GC invocations=10 (full 0):
 garbage-first heap   total 71680K, used 54157K [0x0000000080000000, 0x0000000100000000)
  region size 1024K, 32 young (32768K), 2 survivors (2048K)
 Metaspace       used 41490K, committed 41856K, reserved 1114112K
  class space    used 5466K, committed 5632K, reserved 1048576K
}
Event: 4.877 GC heap after
{Heap after GC invocations=11 (full 0):
 garbage-first heap   total 92160K, used 28120K [0x0000000080000000, 0x0000000100000000)
  region size 1024K, 4 young (4096K), 4 survivors (4096K)
 Metaspace       used 41490K, committed 41856K, reserved 1114112K
  class space    used 5466K, committed 5632K, reserved 1048576K
}
Event: 5.395 GC heap before
{Heap before GC invocations=11 (full 0):
 garbage-first heap   total 92160K, used 70104K [0x0000000080000000, 0x0000000100000000)
  region size 1024K, 45 young (46080K), 4 survivors (4096K)
 Metaspace       used 44193K, committed 44672K, reserved 1114112K
  class space    used 5907K, committed 6144K, reserved 1048576K
}
Event: 5.399 GC heap after
{Heap after GC invocations=12 (full 0):
 garbage-first heap   total 92160K, used 31432K [0x0000000080000000, 0x0000000100000000)
  region size 1024K, 6 young (6144K), 6 survivors (6144K)
 Metaspace       used 44193K, committed 44672K, reserved 1114112K
  class space    used 5907K, committed 6144K, reserved 1048576K
}
Event: 6.244 GC heap before
{Heap before GC invocations=12 (full 0):
 garbage-first heap   total 92160K, used 71368K [0x0000000080000000, 0x0000000100000000)
  region size 1024K, 45 young (46080K), 6 survivors (6144K)
 Metaspace       used 49532K, committed 49920K, reserved 1114112K
  class space    used 6760K, committed 6912K, reserved 1048576K
}
Event: 6.249 GC heap after
{Heap after GC invocations=13 (full 0):
 garbage-first heap   total 92160K, used 34149K [0x0000000080000000, 0x0000000100000000)
  region size 1024K, 3 young (3072K), 3 survivors (3072K)
 Metaspace       used 49532K, committed 49920K, reserved 1114112K
  class space    used 6760K, committed 6912K, reserved 1048576K
}
Event: 7.842 GC heap before
{Heap before GC invocations=13 (full 0):
 garbage-first heap   total 92160K, used 71013K [0x0000000080000000, 0x0000000100000000)
  region size 1024K, 40 young (40960K), 3 survivors (3072K)
 Metaspace       used 56797K, committed 57280K, reserved 1114112K
  class space    used 7707K, committed 7936K, reserved 1048576K
}
Event: 7.847 GC heap after
{Heap after GC invocations=14 (full 0):
 garbage-first heap   total 92160K, used 35769K [0x0000000080000000, 0x0000000100000000)
  region size 1024K, 5 young (5120K), 5 survivors (5120K)
 Metaspace       used 56797K, committed 57280K, reserved 1114112K
  class space    used 7707K, committed 7936K, reserved 1048576K
}
Event: 8.533 GC heap before
{Heap before GC invocations=14 (full 0):
 garbage-first heap   total 92160K, used 72633K [0x0000000080000000, 0x0000000100000000)
  region size 1024K, 41 young (41984K), 5 survivors (5120K)
 Metaspace       used 59570K, committed 60032K, reserved 1114112K
  class space    used 8036K, committed 8256K, reserved 1048576K
}
Event: 8.537 GC heap after
{Heap after GC invocations=15 (full 0):
 garbage-first heap   total 92160K, used 38177K [0x0000000080000000, 0x0000000100000000)
  region size 1024K, 5 young (5120K), 5 survivors (5120K)
 Metaspace       used 59570K, committed 60032K, reserved 1114112K
  class space    used 8036K, committed 8256K, reserved 1048576K
}
Event: 8.547 GC heap before
{Heap before GC invocations=15 (full 0):
 garbage-first heap   total 92160K, used 38177K [0x0000000080000000, 0x0000000100000000)
  region size 1024K, 6 young (6144K), 5 survivors (5120K)
 Metaspace       used 59663K, committed 60096K, reserved 1114112K
  class space    used 8047K, committed 8256K, reserved 1048576K
}
Event: 8.549 GC heap after
{Heap after GC invocations=16 (full 0):
 garbage-first heap   total 92160K, used 37984K [0x0000000080000000, 0x0000000100000000)
  region size 1024K, 1 young (1024K), 1 survivors (1024K)
 Metaspace       used 59663K, committed 60096K, reserved 1114112K
  class space    used 8047K, committed 8256K, reserved 1048576K
}
Event: 9.267 GC heap before
{Heap before GC invocations=17 (full 0):
 garbage-first heap   total 92160K, used 75872K [0x0000000080000000, 0x0000000100000000)
  region size 1024K, 36 young (36864K), 1 survivors (1024K)
 Metaspace       used 65072K, committed 65536K, reserved 1114112K
  class space    used 8688K, committed 8896K, reserved 1048576K
}
Event: 9.269 GC heap after
{Heap after GC invocations=18 (full 0):
 garbage-first heap   total 92160K, used 38564K [0x0000000080000000, 0x0000000100000000)
  region size 1024K, 2 young (2048K), 2 survivors (2048K)
 Metaspace       used 65072K, committed 65536K, reserved 1114112K
  class space    used 8688K, committed 8896K, reserved 1048576K
}
Event: 10.044 GC heap before
{Heap before GC invocations=18 (full 0):
 garbage-first heap   total 92160K, used 74404K [0x0000000080000000, 0x0000000100000000)
  region size 1024K, 37 young (37888K), 2 survivors (2048K)
 Metaspace       used 70555K, committed 71104K, reserved 1114112K
  class space    used 9856K, committed 10112K, reserved 1048576K
}
Event: 10.048 GC heap after
{Heap after GC invocations=19 (full 0):
 garbage-first heap   total 92160K, used 39604K [0x0000000080000000, 0x0000000100000000)
  region size 1024K, 3 young (3072K), 3 survivors (3072K)
 Metaspace       used 70555K, committed 71104K, reserved 1114112K
  class space    used 9856K, committed 10112K, reserved 1048576K
}

Dll operation events (3 events):
Event: 0.011 Loaded shared library C:\Program Files\Android\Android Studio\jbr\bin\java.dll
Event: 0.115 Loaded shared library C:\Program Files\Android\Android Studio\jbr\bin\zip.dll
Event: 0.392 Loaded shared library C:\Program Files\Android\Android Studio\jbr\bin\verify.dll

Deoptimization events (20 events):
Event: 9.470 Thread 0x000001c8beacb9f0 DEOPT PACKING pc=0x000001c8a83fc374 sp=0x0000007142df6db0
Event: 9.470 Thread 0x000001c8beacb9f0 DEOPT UNPACKING pc=0x000001c8a7cf69a3 sp=0x0000007142df6cf0 mode 2
Event: 9.902 Thread 0x000001c8beacb9f0 Uncommon trap: trap_request=0xffffff45 fr.pc=0x000001c8a8440724 relative=0x00000000000008a4
Event: 9.902 Thread 0x000001c8beacb9f0 Uncommon trap: reason=unstable_if action=reinterpret pc=0x000001c8a8440724 method=java.util.jar.JarFile.getEntry(Ljava/lang/String;)Ljava/util/zip/ZipEntry; @ 15 c2
Event: 9.902 Thread 0x000001c8beacb9f0 DEOPT PACKING pc=0x000001c8a8440724 sp=0x0000007142df5690
Event: 9.902 Thread 0x000001c8beacb9f0 DEOPT UNPACKING pc=0x000001c8a7cf69a3 sp=0x0000007142df5678 mode 2
Event: 9.993 Thread 0x000001c8beacb9f0 DEOPT PACKING pc=0x000001c8a092c843 sp=0x0000007142df3390
Event: 9.993 Thread 0x000001c8beacb9f0 DEOPT UNPACKING pc=0x000001c8a7cf7143 sp=0x0000007142df28b0 mode 0
Event: 9.993 Thread 0x000001c8beacb9f0 Uncommon trap: trap_request=0xffffff45 fr.pc=0x000001c8a84226e4 relative=0x0000000000000064
Event: 9.993 Thread 0x000001c8beacb9f0 Uncommon trap: reason=unstable_if action=reinterpret pc=0x000001c8a84226e4 method=java.io.WinNTFileSystem.isSlash(C)Z @ 9 c2
Event: 9.993 Thread 0x000001c8beacb9f0 DEOPT PACKING pc=0x000001c8a84226e4 sp=0x0000007142df33b0
Event: 9.993 Thread 0x000001c8beacb9f0 DEOPT UNPACKING pc=0x000001c8a7cf69a3 sp=0x0000007142df3338 mode 2
Event: 10.072 Thread 0x000001c8beacb9f0 Uncommon trap: trap_request=0xffffff45 fr.pc=0x000001c8a842d4d8 relative=0x0000000000000618
Event: 10.072 Thread 0x000001c8beacb9f0 Uncommon trap: reason=unstable_if action=reinterpret pc=0x000001c8a842d4d8 method=java.lang.AbstractStringBuilder.append(Ljava/lang/String;)Ljava/lang/AbstractStringBuilder; @ 1 c2
Event: 10.072 Thread 0x000001c8beacb9f0 DEOPT PACKING pc=0x000001c8a842d4d8 sp=0x0000007142df5b80
Event: 10.072 Thread 0x000001c8beacb9f0 DEOPT UNPACKING pc=0x000001c8a7cf69a3 sp=0x0000007142df5b00 mode 2
Event: 10.207 Thread 0x000001c8beacb9f0 Uncommon trap: trap_request=0xffffff45 fr.pc=0x000001c8a844ee68 relative=0x0000000000000628
Event: 10.207 Thread 0x000001c8beacb9f0 Uncommon trap: reason=unstable_if action=reinterpret pc=0x000001c8a844ee68 method=java.lang.AbstractStringBuilder.append(Ljava/lang/String;)Ljava/lang/AbstractStringBuilder; @ 1 c2
Event: 10.207 Thread 0x000001c8beacb9f0 DEOPT PACKING pc=0x000001c8a844ee68 sp=0x0000007142df6160
Event: 10.207 Thread 0x000001c8beacb9f0 DEOPT UNPACKING pc=0x000001c8a7cf69a3 sp=0x0000007142df6148 mode 2

Classes unloaded (0 events):
No events

Classes redefined (0 events):
No events

Internal exceptions (20 events):
Event: 8.321 Thread 0x000001c8beacb9f0 Exception <a 'sun/nio/fs/WindowsException'{0x0000000083fdc318}> (0x0000000083fdc318) 
thrown [s\src\hotspot\share\prims\jni.cpp, line 517]
Event: 8.324 Thread 0x000001c8beacb9f0 Exception <a 'sun/nio/fs/WindowsException'{0x0000000083fe3018}> (0x0000000083fe3018) 
thrown [s\src\hotspot\share\prims\jni.cpp, line 517]
Event: 8.328 Thread 0x000001c8beacb9f0 Exception <a 'sun/nio/fs/WindowsException'{0x0000000083fe8c00}> (0x0000000083fe8c00) 
thrown [s\src\hotspot\share\prims\jni.cpp, line 517]
Event: 8.330 Thread 0x000001c8beacb9f0 Exception <a 'sun/nio/fs/WindowsException'{0x0000000083feeae0}> (0x0000000083feeae0) 
thrown [s\src\hotspot\share\prims\jni.cpp, line 517]
Event: 8.332 Thread 0x000001c8beacb9f0 Exception <a 'sun/nio/fs/WindowsException'{0x0000000083ff44b8}> (0x0000000083ff44b8) 
thrown [s\src\hotspot\share\prims\jni.cpp, line 517]
Event: 8.337 Thread 0x000001c8beacb9f0 Exception <a 'sun/nio/fs/WindowsException'{0x0000000083e02878}> (0x0000000083e02878) 
thrown [s\src\hotspot\share\prims\jni.cpp, line 517]
Event: 8.556 Thread 0x000001c8beacafd0 Exception <a 'java/lang/NoSuchMethodError'{0x000000008f798d60}: static Lorg/gradle/internal/build/event/types/DefaultOperationStartedProgressEvent;.<clinit>()V> (0x000000008f798d60) 
thrown [s\src\hotspot\share\prims\jni.cpp, line 1108]
Event: 8.557 Thread 0x000001c8beacafd0 Exception <a 'java/lang/NoSuchMethodError'{0x000000008f7a0568}: static Lorg/gradle/internal/build/event/types/AbstractProgressEvent;.<clinit>()V> (0x000000008f7a0568) 
thrown [s\src\hotspot\share\prims\jni.cpp, line 1108]
Event: 8.559 Thread 0x000001c8beacafd0 Exception <a 'java/lang/NoSuchMethodError'{0x000000008f7b5328}: static Lorg/gradle/internal/build/event/types/DefaultProjectConfigurationDescriptor;.<clinit>()V> (0x000000008f7b5328) 
thrown [s\src\hotspot\share\prims\jni.cpp, line 1108]
Event: 8.560 Thread 0x000001c8beacafd0 Exception <a 'java/lang/NoSuchMethodError'{0x000000008f7b8030}: static Lorg/gradle/internal/build/event/types/DefaultOperationDescriptor;.<clinit>()V> (0x000000008f7b8030) 
thrown [s\src\hotspot\share\prims\jni.cpp, line 1108]
Event: 8.563 Thread 0x000001c8beacafd0 Exception <a 'java/lang/NoSuchMethodError'{0x000000008f7d3a18}: static Lorg/gradle/internal/operations/OperationIdentifier;.<clinit>()V> (0x000000008f7d3a18) 
thrown [s\src\hotspot\share\prims\jni.cpp, line 1108]
Event: 8.737 Thread 0x000001c8beacb9f0 Exception <a 'java/lang/NoSuchMethodError'{0x000000008b9b4c30}: 'long java.lang.invoke.DirectMethodHandle$Holder.invokeStatic(java.lang.Object, long)'> (0x000000008b9b4c30) 
thrown [s\src\hotspot\share\interpreter\linkResolver.cpp, line 771]
Event: 8.967 Thread 0x000001c8beacb9f0 Exception <a 'java/lang/NoSuchMethodError'{0x00000000847f5048}: 'java.lang.Object java.lang.invoke.DirectMethodHandle$Holder.invokeSpecial(java.lang.Object, java.lang.Object, java.lang.Object, java.lang.Object, java.lang.Object, java.lang.Object, java.lang.Object, java.lang.Object, java.lang.Object, java.lang.Object, java.lang.Object, java.lang.Object, java.lang.Object, java.lang.Object, java.lang.Object, java.lang.Object, java.lang.Object, java.lang.Object, java.lang.Object, java.lang.Object, java.lang.Ob
Event: 8.968 Thread 0x000001c8beacb9f0 Exception <a 'java/lang/NoSuchMethodError'{0x00000000847fb2b0}: 'java.lang.Object java.lang.invoke.DelegatingMethodHandle$Holder.reinvoke_L(java.lang.Object, java.lang.Object, java.lang.Object, java.lang.Object, java.lang.Object, java.lang.Object, java.lang.Object, java.lang.Object, java.lang.Object, java.lang.Object, java.lang.Object, java.lang.Object, java.lang.Object, java.lang.Object, java.lang.Object, java.lang.Object, java.lang.Object, java.lang.Object, java.lang.Object, java.lang.Object, java.lang.O
Event: 8.968 Thread 0x000001c8beacb9f0 Exception <a 'java/lang/NoSuchMethodError'{0x0000000084618780}: 'java.lang.Object java.lang.invoke.Invokers$Holder.invoker(java.lang.Object, java.lang.Object, java.lang.Object, java.lang.Object, java.lang.Object, java.lang.Object, java.lang.Object, java.lang.Object, java.lang.Object, java.lang.Object, java.lang.Object, java.lang.Object, java.lang.Object, java.lang.Object, java.lang.Object, java.lang.Object, java.lang.Object, java.lang.Object, java.lang.Object, java.lang.Object, java.lang.Object, java.lang.
Event: 8.969 Thread 0x000001c8beacb9f0 Exception <a 'java/lang/NoSuchMethodError'{0x000000008461f380}: 'java.lang.Object java.lang.invoke.DelegatingMethodHandle$Holder.delegate(java.lang.Object, java.lang.Object, java.lang.Object, java.lang.Object, java.lang.Object, java.lang.Object, java.lang.Object, java.lang.Object, java.lang.Object, java.lang.Object, java.lang.Object, java.lang.Object, java.lang.Object, java.lang.Object, java.lang.Object, java.lang.Object, java.lang.Object, java.lang.Object, java.lang.Object, java.lang.Object, java.lang.Obj
Event: 8.980 Thread 0x000001c8beacb9f0 Exception <a 'java/lang/NoSuchMethodError'{0x00000000846eb1d0}: 'java.lang.Object java.lang.invoke.DirectMethodHandle$Holder.invokeStatic(java.lang.Object, java.lang.Object, java.lang.Object, java.lang.Object, java.lang.Object, java.lang.Object, java.lang.Object, java.lang.Object, java.lang.Object, java.lang.Object, java.lang.Object, java.lang.Object, java.lang.Object, java.lang.Object, java.lang.Object, java.lang.Object, java.lang.Object, java.lang.Object, java.lang.Object, java.lang.Object, java.lang.Obj
Event: 9.485 Thread 0x000001c8beacb9f0 Exception <a 'java/lang/NoSuchMethodError'{0x000000008bab1628}: 'java.lang.Object java.lang.invoke.DirectMethodHandle$Holder.invokeStaticInit(java.lang.Object, int)'> (0x000000008bab1628) 
thrown [s\src\hotspot\share\interpreter\linkResolver.cpp, line 771]
Event: 10.072 Thread 0x000001c8beacb9f0 Implicit null exception at 0x000001c8a842cef2 to 0x000001c8a842d4c0
Event: 10.207 Thread 0x000001c8beacb9f0 Implicit null exception at 0x000001c8a844e872 to 0x000001c8a844ee50

VM Operations (20 events):
Event: 8.533 Executing VM operation: G1CollectForAllocation
Event: 8.537 Executing VM operation: G1CollectForAllocation done
Event: 8.547 Executing VM operation: CollectForMetadataAllocation
Event: 8.550 Executing VM operation: CollectForMetadataAllocation done
Event: 8.573 Executing VM operation: G1PauseRemark
Event: 8.577 Executing VM operation: G1PauseRemark done
Event: 8.586 Executing VM operation: G1PauseCleanup
Event: 8.586 Executing VM operation: G1PauseCleanup done
Event: 9.267 Executing VM operation: G1CollectForAllocation
Event: 9.269 Executing VM operation: G1CollectForAllocation done
Event: 9.473 Executing VM operation: HandshakeAllThreads
Event: 9.473 Executing VM operation: HandshakeAllThreads done
Event: 9.482 Executing VM operation: HandshakeAllThreads
Event: 9.482 Executing VM operation: HandshakeAllThreads done
Event: 9.583 Executing VM operation: HandshakeAllThreads
Event: 9.583 Executing VM operation: HandshakeAllThreads done
Event: 9.587 Executing VM operation: HandshakeAllThreads
Event: 9.588 Executing VM operation: HandshakeAllThreads done
Event: 10.044 Executing VM operation: G1CollectForAllocation
Event: 10.048 Executing VM operation: G1CollectForAllocation done

Events (20 events):
Event: 8.557 loading class java/io/ObjectStreamClass$ClassDataSlot
Event: 8.557 loading class java/io/ObjectStreamClass$ClassDataSlot done
Event: 8.560 loading class jdk/internal/reflect/UnsafeQualifiedStaticLongFieldAccessorImpl
Event: 8.561 loading class jdk/internal/reflect/UnsafeQualifiedStaticLongFieldAccessorImpl done
Event: 8.563 loading class jdk/internal/loader/URLClassPath$FileLoader
Event: 8.563 loading class jdk/internal/loader/URLClassPath$FileLoader done
Event: 8.565 loading class java/io/SerialCallbackContext
Event: 8.565 loading class jdk/internal/loader/URLClassPath$FileLoader$1
Event: 8.565 loading class java/io/SerialCallbackContext done
Event: 8.565 loading class jdk/internal/loader/URLClassPath$FileLoader$1 done
Event: 8.675 loading class java/util/DualPivotQuicksort
Event: 8.676 loading class java/util/DualPivotQuicksort done
Event: 8.737 loading class java/util/function/LongUnaryOperator
Event: 8.737 loading class java/util/function/LongUnaryOperator done
Event: 8.962 Thread 0x000001c8bf3eb2e0 Thread added: 0x000001c8bf3eb2e0
Event: 8.978 loading class java/lang/invoke/BoundMethodHandle$Species_LLLLLLLLLLLLLLLLLLLLLLLL
Event: 8.978 loading class java/lang/invoke/BoundMethodHandle$Species_LLLLLLLLLLLLLLLLLLLLLLLL done
Event: 9.051 Thread 0x000001c8bf3eb7f0 Thread added: 0x000001c8bf3eb7f0
Event: 10.255 loading class java/lang/Override
Event: 10.255 loading class java/lang/Override done


Dynamic libraries:
0x00007ff652170000 - 0x00007ff65217a000 	C:\Program Files\Android\Android Studio\jbr\bin\java.exe
0x00007fffa8670000 - 0x00007fffa8887000 	C:\WINDOWS\SYSTEM32\ntdll.dll
0x00007fffa6ba0000 - 0x00007fffa6c64000 	C:\WINDOWS\System32\KERNEL32.DLL
0x00007fffa5c70000 - 0x00007fffa601d000 	C:\WINDOWS\System32\KERNELBASE.dll
0x00007fffa6020000 - 0x00007fffa6131000 	C:\WINDOWS\System32\ucrtbase.dll
0x00007fff6f7c0000 - 0x00007fff6f7d7000 	C:\Program Files\Android\Android Studio\jbr\bin\jli.dll
0x00007fff8edc0000 - 0x00007fff8eddb000 	C:\Program Files\Android\Android Studio\jbr\bin\VCRUNTIME140.dll
0x00007fffa74d0000 - 0x00007fffa767e000 	C:\WINDOWS\System32\USER32.dll
0x00007fffa61b0000 - 0x00007fffa61d6000 	C:\WINDOWS\System32\win32u.dll
0x00007fffa6a70000 - 0x00007fffa6a99000 	C:\WINDOWS\System32\GDI32.dll
0x00007fff92690000 - 0x00007fff92923000 	C:\WINDOWS\WinSxS\amd64_microsoft.windows.common-controls_6595b64144ccf1df_6.0.22621.3672_none_2713b9d173822955\COMCTL32.dll
0x00007fffa6290000 - 0x00007fffa63a9000 	C:\WINDOWS\System32\gdi32full.dll
0x00007fffa7e60000 - 0x00007fffa7f07000 	C:\WINDOWS\System32\msvcrt.dll
0x00007fffa59a0000 - 0x00007fffa5a3a000 	C:\WINDOWS\System32\msvcp_win.dll
0x00007fffa7dc0000 - 0x00007fffa7df1000 	C:\WINDOWS\System32\IMM32.DLL
0x00007fff9da10000 - 0x00007fff9da1c000 	C:\Program Files\Android\Android Studio\jbr\bin\vcruntime140_1.dll
0x00007fff438b0000 - 0x00007fff4393d000 	C:\Program Files\Android\Android Studio\jbr\bin\msvcp140.dll
0x00007ffecf220000 - 0x00007ffecfea3000 	C:\Program Files\Android\Android Studio\jbr\bin\server\jvm.dll
0x00007fffa6780000 - 0x00007fffa6832000 	C:\WINDOWS\System32\ADVAPI32.dll
0x00007fffa7f10000 - 0x00007fffa7fb9000 	C:\WINDOWS\System32\sechost.dll
0x00007fffa6260000 - 0x00007fffa6288000 	C:\WINDOWS\System32\bcrypt.dll
0x00007fffa8250000 - 0x00007fffa8364000 	C:\WINDOWS\System32\RPCRT4.dll
0x00007fffa56b0000 - 0x00007fffa56fd000 	C:\WINDOWS\SYSTEM32\POWRPROF.dll
0x00007fff9e9c0000 - 0x00007fff9e9c9000 	C:\WINDOWS\SYSTEM32\WSOCK32.dll
0x00007fff9f710000 - 0x00007fff9f744000 	C:\WINDOWS\SYSTEM32\WINMM.dll
0x00007fff9e4c0000 - 0x00007fff9e4ca000 	C:\WINDOWS\SYSTEM32\VERSION.dll
0x00007fffa81d0000 - 0x00007fffa8241000 	C:\WINDOWS\System32\WS2_32.dll
0x00007fffa55e0000 - 0x00007fffa55f3000 	C:\WINDOWS\SYSTEM32\UMPDC.dll
0x00007fffa49a0000 - 0x00007fffa49b8000 	C:\WINDOWS\SYSTEM32\kernel.appcore.dll
0x00007fff9d8b0000 - 0x00007fff9d8ba000 	C:\Program Files\Android\Android Studio\jbr\bin\jimage.dll
0x00007fffa3210000 - 0x00007fffa3442000 	C:\WINDOWS\SYSTEM32\DBGHELP.DLL
0x00007fffa63b0000 - 0x00007fffa6738000 	C:\WINDOWS\System32\combase.dll
0x00007fffa6ab0000 - 0x00007fffa6b87000 	C:\WINDOWS\System32\OLEAUT32.dll
0x00007fff9a680000 - 0x00007fff9a6b2000 	C:\WINDOWS\SYSTEM32\dbgcore.DLL
0x00007fffa61e0000 - 0x00007fffa625b000 	C:\WINDOWS\System32\bcryptPrimitives.dll
0x00007fff7cf50000 - 0x00007fff7cf5e000 	C:\Program Files\Android\Android Studio\jbr\bin\instrument.dll
0x00007fff4b7c0000 - 0x00007fff4b7e5000 	C:\Program Files\Android\Android Studio\jbr\bin\java.dll
0x00007fff91360000 - 0x00007fff91378000 	C:\Program Files\Android\Android Studio\jbr\bin\zip.dll
0x00007fffa6c70000 - 0x00007fffa74cf000 	C:\WINDOWS\System32\SHELL32.dll
0x00007fffa38a0000 - 0x00007fffa419c000 	C:\WINDOWS\SYSTEM32\windows.storage.dll
0x00007fffa3760000 - 0x00007fffa389f000 	C:\WINDOWS\SYSTEM32\wintypes.dll
0x00007fffa8370000 - 0x00007fffa8464000 	C:\WINDOWS\System32\SHCORE.dll
0x00007fffa8470000 - 0x00007fffa84ce000 	C:\WINDOWS\System32\shlwapi.dll
0x00007fffa58d0000 - 0x00007fffa58f1000 	C:\WINDOWS\SYSTEM32\profapi.dll
0x00007fff91280000 - 0x00007fff91299000 	C:\Program Files\Android\Android Studio\jbr\bin\net.dll
0x00007fffa1460000 - 0x00007fffa1596000 	C:\WINDOWS\SYSTEM32\WINHTTP.dll
0x00007fffa4e10000 - 0x00007fffa4e79000 	C:\WINDOWS\system32\mswsock.dll
0x00007fff8ce30000 - 0x00007fff8ce46000 	C:\Program Files\Android\Android Studio\jbr\bin\nio.dll
0x00007fff857e0000 - 0x00007fff857f0000 	C:\Program Files\Android\Android Studio\jbr\bin\verify.dll
0x00007fff4cd40000 - 0x00007fff4cd67000 	C:\Users\oyj42\.gradle\native\c067742578af261105cb4f569cf0c3c89f3d7b1fecec35dd04571415982c5e48\windows-amd64\native-platform.dll
0x00007ffedb600000 - 0x00007ffedb744000 	C:\Users\oyj42\.gradle\native\38dada09dfb8b06ba9b0570ebf7e218e3eb74d4ef43ca46872605cf95ebc2f47\windows-amd64\native-platform-file-events.dll
0x00007fff9abc0000 - 0x00007fff9abc9000 	C:\Program Files\Android\Android Studio\jbr\bin\management.dll
0x00007fff910f0000 - 0x00007fff910fb000 	C:\Program Files\Android\Android Studio\jbr\bin\management_ext.dll
0x00007fffa6b90000 - 0x00007fffa6b98000 	C:\WINDOWS\System32\PSAPI.DLL
0x00007fffa50f0000 - 0x00007fffa510b000 	C:\WINDOWS\SYSTEM32\CRYPTSP.dll
0x00007fffa4900000 - 0x00007fffa4935000 	C:\WINDOWS\system32\rsaenh.dll
0x00007fffa4f20000 - 0x00007fffa4f48000 	C:\WINDOWS\SYSTEM32\USERENV.dll
0x00007fffa5110000 - 0x00007fffa511c000 	C:\WINDOWS\SYSTEM32\CRYPTBASE.dll
0x00007fffa4440000 - 0x00007fffa446d000 	C:\WINDOWS\SYSTEM32\IPHLPAPI.DLL
0x00007fffa6aa0000 - 0x00007fffa6aa9000 	C:\WINDOWS\System32\NSI.dll
0x00007fffa1040000 - 0x00007fffa1059000 	C:\WINDOWS\SYSTEM32\dhcpcsvc6.DLL
0x00007fffa1020000 - 0x00007fffa103f000 	C:\WINDOWS\SYSTEM32\dhcpcsvc.DLL
0x00007fffa44c0000 - 0x00007fffa45b8000 	C:\WINDOWS\SYSTEM32\DNSAPI.dll
0x00007fff9d8a0000 - 0x00007fff9d8a9000 	C:\Program Files\Android\Android Studio\jbr\bin\extnet.dll
0x00007fff950e0000 - 0x00007fff950e8000 	C:\WINDOWS\system32\wshunix.dll

dbghelp: loaded successfully - version: 4.0.5 - missing functions: none
symbol engine: initialized successfully - sym options: 0x614 - pdb path: .;C:\Program Files\Android\Android Studio\jbr\bin;C:\WINDOWS\SYSTEM32;C:\WINDOWS\WinSxS\amd64_microsoft.windows.common-controls_6595b64144ccf1df_6.0.22621.3672_none_2713b9d173822955;C:\Program Files\Android\Android Studio\jbr\bin\server;C:\Users\oyj42\.gradle\native\c067742578af261105cb4f569cf0c3c89f3d7b1fecec35dd04571415982c5e48\windows-amd64;C:\Users\oyj42\.gradle\native\38dada09dfb8b06ba9b0570ebf7e218e3eb74d4ef43ca46872605cf95ebc2f47\windows-amd64

VM Arguments:
jvm_args: --add-opens=java.base/java.util=ALL-UNNAMED --add-opens=java.base/java.lang=ALL-UNNAMED --add-opens=java.base/java.lang.invoke=ALL-UNNAMED --add-opens=java.prefs/java.util.prefs=ALL-UNNAMED --add-opens=java.base/java.nio.charset=ALL-UNNAMED --add-opens=java.base/java.net=ALL-UNNAMED --add-opens=java.base/java.util.concurrent.atomic=ALL-UNNAMED -Xmx2048m -Dfile.encoding=UTF-8 -Duser.country=IN -Duser.language=en -Duser.variant -javaagent:C:\Users\oyj42\.gradle\wrapper\dists\gradle-8.7-bin\bhs2wmbdwecv87pi65oeuq5iu\gradle-8.7\lib\agents\gradle-instrumentation-agent-8.7.jar 
java_command: org.gradle.launcher.daemon.bootstrap.GradleDaemon 8.7
java_class_path (initial): C:\Users\oyj42\.gradle\wrapper\dists\gradle-8.7-bin\bhs2wmbdwecv87pi65oeuq5iu\gradle-8.7\lib\gradle-launcher-8.7.jar
Launcher Type: SUN_STANDARD

[Global flags]
     intx CICompilerCount                          = 12                                        {product} {ergonomic}
     uint ConcGCThreads                            = 3                                         {product} {ergonomic}
     uint G1ConcRefinementThreads                  = 13                                        {product} {ergonomic}
   size_t G1HeapRegionSize                         = 1048576                                   {product} {ergonomic}
    uintx GCDrainStackTargetSize                   = 64                                        {product} {ergonomic}
   size_t InitialHeapSize                          = 260046848                                 {product} {ergonomic}
   size_t MarkStackSize                            = 4194304                                   {product} {ergonomic}
   size_t MaxHeapSize                              = 2147483648                                {product} {command line}
   size_t MaxNewSize                               = 1287651328                                {product} {ergonomic}
   size_t MinHeapDeltaBytes                        = 1048576                                   {product} {ergonomic}
   size_t MinHeapSize                              = 8388608                                   {product} {ergonomic}
    uintx NonNMethodCodeHeapSize                   = 7602480                                {pd product} {ergonomic}
    uintx NonProfiledCodeHeapSize                  = 122027880                              {pd product} {ergonomic}
    uintx ProfiledCodeHeapSize                     = 122027880                              {pd product} {ergonomic}
    uintx ReservedCodeCacheSize                    = 251658240                              {pd product} {ergonomic}
     bool SegmentedCodeCache                       = true                                      {product} {ergonomic}
   size_t SoftMaxHeapSize                          = 2147483648                             {manageable} {ergonomic}
     bool UseCompressedClassPointers               = true                           {product lp64_product} {ergonomic}
     bool UseCompressedOops                        = true                           {product lp64_product} {ergonomic}
     bool UseG1GC                                  = true                                      {product} {ergonomic}
     bool UseLargePagesIndividualAllocation        = false                                  {pd product} {ergonomic}

Logging:
Log output configuration:
 #0: stdout all=warning uptime,level,tags
 #1: stderr all=off uptime,level,tags

Environment Variables:
PATH=C:\Program Files\ARX-3.9.1\bin;C:\Program Files (x86)\VMware\VMware Workstation\bin\;C:\Program Files\Common Files\Oracle\Java\javapath;C:\Windows\system32;C:\Windows;C:\Windows\System32\Wbem;C:\Windows\System32\WindowsPowerShell\v1.0\;C:\Windows\System32\OpenSSH\;C:\Program Files (x86)\NVIDIA Corporation\PhysX\Common;C:\Program Files\NVIDIA Corporation\NVIDIA NvDLISR;C:\WINDOWS\system32;C:\WINDOWS;C:\WINDOWS\System32\Wbem;C:\WINDOWS\System32\WindowsPowerShell\v1.0\;C:\WINDOWS\System32\OpenSSH\;C:\Program Files\dotnet\;C:\Program Files (x86)\Windows Kits\10\Windows Performance Toolkit\;C:\Program Files\Bandizip\;C:\Program Files\PuTTY\;C:\Program Files\Git\cmd;C:\Users\oyj42\AppData\Local\Microsoft\WindowsApps;C:\Program Files\JetBrains\PyCharm Community Edition 2023.3.4\bin;;C:\Users\oyj42\.dotnet\tools;C:\Program Files\JetBrains\IntelliJ IDEA Community Edition 2024.1.4\bin;;C:\Users\oyj42\AppData\Local\Programs\Microsoft VS Code\bin;C:\Users\oyj42\AppData\Local\GitHubDesktop\bin
USERNAME=oyj42
OS=Windows_NT
PROCESSOR_IDENTIFIER=AMD64 Family 25 Model 80 Stepping 0, AuthenticAMD
TMP=C:\Users\oyj42\AppData\Local\Temp
TEMP=C:\Users\oyj42\AppData\Local\Temp



Periodic native trim disabled

JNI global refs:
JNI global refs: 35, weak refs: 1

JNI global refs memory usage: 843, weak refs: 841

OOME stack traces (most recent first):
Classloader memory used:
Loader org.gradle.internal.classloader.VisitableURLClassLoader                         : 4660K
Loader bootstrap                                                                       : 2454K
Loader jdk.internal.loader.ClassLoaders$AppClassLoader                                 : 1020K
Loader org.gradle.initialization.MixInLegacyTypesClassLoader                           : 910K
Loader jdk.internal.loader.ClassLoaders$PlatformClassLoader                            : 91309B
Loader org.gradle.internal.classloader.VisitableURLClassLoader                         : 9463B
Loader jdk.internal.reflect.DelegatingClassLoader                                      : 9050B

Classes loaded by more than one classloader:
Class org.gradle.internal.installation.GradleInstallation                             : loaded 2 times (x 73B)
Class org.gradle.internal.classpath.ClassPath                                         : loaded 2 times (x 68B)
Class org.gradle.api.internal.classpath.DefaultModuleRegistry                         : loaded 2 times (x 84B)
Class Settings_gradle$1$1                                                             : loaded 2 times (x 72B)
Class org.gradle.api.Action                                                           : loaded 2 times (x 68B)
Class org.gradle.api.internal.DefaultClassPathProvider                                : loaded 2 times (x 74B)
Class org.gradle.internal.installation.GradleInstallation$1                           : loaded 2 times (x 73B)
Class org.gradle.internal.classloader.FilteringClassLoader                            : loaded 2 times (x 103B)
Class org.gradle.internal.classpath.DefaultClassPath$ImmutableUniqueList$Builder      : loaded 2 times (x 73B)
Class org.gradle.internal.classloader.ClassLoaderVisitor                              : loaded 2 times (x 74B)
Class org.gradle.internal.service.DefaultServiceLocator                               : loaded 2 times (x 81B)
Class org.gradle.internal.service.UnknownServiceException                             : loaded 2 times (x 81B)
Class org.gradle.internal.classloader.DefaultClassLoaderFactory                       : loaded 2 times (x 80B)
Class org.gradle.internal.classloader.VisitableURLClassLoader$Spec                    : loaded 2 times (x 72B)
Class org.gradle.api.GradleException                                                  : loaded 2 times (x 80B)
Class org.gradle.api.internal.classpath.ModuleRegistry                                : loaded 2 times (x 68B)
Class org.gradle.api.internal.ClassPathProvider                                       : loaded 2 times (x 68B)
Class org.gradle.internal.classloader.ClasspathUtil$1                                 : loaded 2 times (x 74B)
Class org.gradle.internal.classloader.ClassLoaderFactory                              : loaded 2 times (x 68B)
Class org.gradle.api.internal.classpath.ManifestUtil                                  : loaded 2 times (x 69B)
Class org.gradle.api.specs.Spec                                                       : loaded 2 times (x 68B)
Class org.gradle.internal.IoActions                                                   : loaded 2 times (x 69B)
Class org.gradle.api.internal.classpath.EffectiveClassPath                            : loaded 2 times (x 88B)
Class org.gradle.internal.installation.CurrentGradleInstallation                      : loaded 2 times (x 71B)
Class org.gradle.internal.agents.InstrumentingClassLoader                             : loaded 2 times (x 68B)
Class org.gradle.internal.installation.CurrentGradleInstallationLocator               : loaded 2 times (x 69B)
Class org.gradle.api.internal.classpath.Module                                        : loaded 2 times (x 68B)
Class org.gradle.internal.service.CachingServiceLocator                               : loaded 2 times (x 80B)
Class org.gradle.internal.classpath.DefaultClassPath                                  : loaded 2 times (x 88B)
Class org.gradle.internal.classloader.SystemClassLoaderSpec                           : loaded 2 times (x 69B)
Class org.gradle.api.UncheckedIOException                                             : loaded 2 times (x 80B)
Class Program                                                                         : loaded 2 times (x 70B)
Class org.gradle.internal.classloader.ClasspathUtil                                   : loaded 2 times (x 69B)
Class org.gradle.api.internal.DefaultClassPathRegistry                                : loaded 2 times (x 74B)
Class org.gradle.api.internal.classpath.DefaultModuleRegistry$DefaultModule           : loaded 2 times (x 84B)
Class org.gradle.api.internal.classpath.UnknownModuleException                        : loaded 2 times (x 80B)
Class org.gradle.internal.service.ServiceLookupException                              : loaded 2 times (x 80B)
Class org.gradle.cache.GlobalCache                                                    : loaded 2 times (x 68B)
Class [Lorg.gradle.api.internal.ClassPathProvider;                                    : loaded 2 times (x 67B)
Class org.gradle.util.internal.GUtil                                                  : loaded 2 times (x 69B)
Class org.gradle.internal.classloader.ClassLoaderSpec                                 : loaded 2 times (x 69B)
Class org.gradle.internal.classloader.VisitableURLClassLoader                         : loaded 2 times (x 115B)
Class org.gradle.internal.Cast                                                        : loaded 2 times (x 69B)
Class org.gradle.api.internal.ClassPathRegistry                                       : loaded 2 times (x 68B)
Class org.gradle.internal.classloader.VisitableURLClassLoader$InstrumentingVisitableURLClassLoader: loaded 2 times (x 121B)
Class org.gradle.internal.classloader.ClassLoaderHierarchy                            : loaded 2 times (x 68B)
Class org.gradle.internal.InternalTransformer                                         : loaded 2 times (x 68B)
Class org.gradle.internal.service.ServiceLocator                                      : loaded 2 times (x 68B)
Class Settings_gradle$1                                                               : loaded 2 times (x 72B)
Class org.gradle.internal.classpath.DefaultClassPath$ImmutableUniqueList              : loaded 2 times (x 159B)
Class org.gradle.internal.classpath.TransformedClassPath                              : loaded 2 times (x 94B)
Class Settings_gradle                                                                 : loaded 2 times (x 126B)


---------------  S Y S T E M  ---------------

OS:
 Windows 11 , 64 bit Build 22621 (10.0.22621.3672)
OS uptime: 5 days 20:18 hours
Hyper-V role detected

CPU: total 16 (initial active 16) (16 cores per cpu, 2 threads per core) family 25 model 80 stepping 0 microcode 0x0, cx8, cmov, fxsr, ht, mmx, 3dnowpref, sse, sse2, sse3, ssse3, sse4a, sse4.1, sse4.2, popcnt, lzcnt, tsc, tscinvbit, avx, avx2, aes, erms, clmul, bmi1, bmi2, adx, sha, fma, vzeroupper, clflush, clflushopt, hv
Processor Information for all 16 processors :
  Max Mhz: 3201, Current Mhz: 3201, Mhz Limit: 3201

Memory: 4k page, system-wide physical 15776M (365M free)
TotalPageFile size 64928M (AvailPageFile size 11M)
current process WorkingSet (physical memory assigned to process): 276M, peak: 290M
current process commit charge ("private bytes"): 320M, peak: 407M

vm_info: OpenJDK 64-Bit Server VM (17.0.10+0--11609105) for windows-amd64 JRE (17.0.10+0--11609105), built on Mar 21 2024 19:10:56 by "androidbuild" with MS VC++ 16.10 / 16.11 (VS2019)

END.
